Copyright 1986-2022 Xilinx, Inc. All Rights Reserved.
----------------------------------------------------------------------------------------------------------------------------------------------------------------------------
| Tool Version : Vivado v.2022.1 (lin64) Build 3526262 Mon Apr 18 15:47:01 MDT 2022
| Date         : Fri Nov 28 17:17:22 2025
| Host         : DESKTOP-1CQ16CU running 64-bit Ubuntu 20.04.6 LTS
| Command      : report_accelerator_utilization -kernels { DPUCZDX8G:design_1_i/DPUCZDX8G_1/inst:DPUCZDX8G_1} -file kernel_util_synthed.rpt -name kernel_util_synthed -json
| Design       : design_1_wrapper
| Device       : xczu3eg
| Design State : Synthesized
----------------------------------------------------------------------------------------------------------------------------------------------------------------------------

Accelerator Utilization Design Information

Table of Contents
-----------------
1. System Utilization

1. System Utilization
---------------------

+---------------------+-----------------+-----------------+------------------+---------------+---------------+
| Name                | LUT             | LUTAsMem        | REG              | BRAM          | DSP           |
+---------------------+-----------------+-----------------+------------------+---------------+---------------+
| Platform            | 32358 [ 45.86%] |  1004 [  3.49%] |  21190 [ 15.02%] |  79 [ 36.57%] |   0 [  0.00%] |
| User Budget         | 38202 [100.00%] | 27796 [100.00%] | 119930 [100.00%] | 137 [100.00%] | 360 [100.00%] |
|    Used Resources   | 38097 [ 99.73%] |  4009 [ 14.42%] |  59312 [ 49.46%] | 126 [ 91.97%] | 326 [ 90.56%] |
|    Unused Resources |   105 [  0.27%] | 23787 [ 85.58%] |  60618 [ 50.54%] |  11 [  8.03%] |  34 [  9.44%] |
| DPUCZDX8G           | 38097 [ 99.73%] |  4009 [ 14.42%] |  59312 [ 49.46%] | 126 [ 91.97%] | 326 [ 90.56%] |
|    DPUCZDX8G_1      | 38097 [ 99.73%] |  4009 [ 14.42%] |  59312 [ 49.46%] | 126 [ 91.97%] | 326 [ 90.56%] |
+---------------------+-----------------+-----------------+------------------+---------------+---------------+


